{"contracts/NftMarketplace.sol":{"l":{"58":2,"59":2,"60":0,"70":2,"71":2,"73":2,"74":1,"76":1,"84":0,"85":0,"86":0,"88":0,"103":1,"109":0,"110":0,"111":0,"113":0,"115":0,"128":0,"129":0,"130":0,"132":0,"133":0,"134":0,"146":0,"147":0,"160":0,"161":0,"166":0,"167":0,"168":0,"170":0,"172":0,"173":0,"174":0,"191":0,"200":0},"path":"/Users/dr.shrutijain/Documents/blockchain_dev_eth/PAlpha_C_Blockchain/hardhat-nft-fcc-marketplace-1/contracts/NftMarketplace.sol","s":{"1":2,"2":2,"3":2,"4":2,"5":2,"6":0,"7":0,"8":1,"9":0,"10":0,"11":0,"12":0,"13":0,"14":0,"15":0,"16":0,"17":0,"18":0,"19":0,"20":0,"21":0,"22":0,"23":0,"24":0,"25":0,"26":0},"b":{"1":[0,2],"2":[1,1],"3":[0,0],"4":[1,0],"5":[0,0],"6":[0,0],"7":[0,0],"8":[0,0]},"f":{"1":2,"2":2,"3":0,"4":1,"5":0,"6":0,"7":0,"8":0,"9":0,"10":0},"fnMap":{"1":{"name":"notListed","line":52,"loc":{"start":{"line":52,"column":4},"end":{"line":62,"column":4}}},"2":{"name":"isOwner","line":64,"loc":{"start":{"line":64,"column":4},"end":{"line":77,"column":4}}},"3":{"name":"isListed","line":79,"loc":{"start":{"line":79,"column":4},"end":{"line":89,"column":4}}},"4":{"name":"listItem","line":101,"loc":{"start":{"line":95,"column":4},"end":{"line":116,"column":4}}},"5":{"name":"buyItem","line":124,"loc":{"start":{"line":119,"column":4},"end":{"line":135,"column":4}}},"6":{"name":"cancelListing","line":143,"loc":{"start":{"line":138,"column":4},"end":{"line":149,"column":4}}},"7":{"name":"updateListing","line":157,"loc":{"start":{"line":151,"column":4},"end":{"line":162,"column":4}}},"8":{"name":"withdrawProceeds","line":164,"loc":{"start":{"line":164,"column":4},"end":{"line":176,"column":4}}},"9":{"name":"getListing","line":183,"loc":{"start":{"line":183,"column":4},"end":{"line":192,"column":4}}},"10":{"name":"getProceeds","line":194,"loc":{"start":{"line":194,"column":4},"end":{"line":201,"column":4}}}},"statementMap":{"1":{"start":{"line":58,"column":8},"end":{"line":58,"column":65}},"2":{"start":{"line":59,"column":8},"end":{"line":59,"column":1722}},"3":{"start":{"line":70,"column":8},"end":{"line":70,"column":42}},"4":{"start":{"line":71,"column":8},"end":{"line":71,"column":45}},"5":{"start":{"line":73,"column":8},"end":{"line":73,"column":2052}},"6":{"start":{"line":84,"column":8},"end":{"line":84,"column":65}},"7":{"start":{"line":85,"column":8},"end":{"line":85,"column":2314}},"8":{"start":{"line":103,"column":8},"end":{"line":103,"column":70}},"9":{"start":{"line":109,"column":8},"end":{"line":109,"column":42}},"10":{"start":{"line":110,"column":8},"end":{"line":110,"column":3072}},"11":{"start":{"line":113,"column":8},"end":{"line":113,"column":67}},"12":{"start":{"line":115,"column":8},"end":{"line":115,"column":64}},"13":{"start":{"line":128,"column":8},"end":{"line":128,"column":68}},"14":{"start":{"line":129,"column":8},"end":{"line":129,"column":3582}},"15":{"start":{"line":132,"column":8},"end":{"line":132,"column":80}},"16":{"start":{"line":134,"column":8},"end":{"line":134,"column":83}},"17":{"start":{"line":147,"column":8},"end":{"line":147,"column":59}},"18":{"start":{"line":160,"column":8},"end":{"line":160,"column":55}},"19":{"start":{"line":161,"column":8},"end":{"line":161,"column":66}},"20":{"start":{"line":166,"column":8},"end":{"line":166,"column":50}},"21":{"start":{"line":167,"column":8},"end":{"line":167,"column":4729}},"22":{"start":{"line":170,"column":8},"end":{"line":170,"column":33}},"23":{"start":{"line":172,"column":8},"end":{"line":172,"column":71}},"24":{"start":{"line":173,"column":8},"end":{"line":173,"column":4926}},"25":{"start":{"line":191,"column":8},"end":{"line":191,"column":47}},"26":{"start":{"line":200,"column":8},"end":{"line":200,"column":34}}},"branchMap":{"1":{"line":59,"type":"if","locations":[{"start":{"line":59,"column":8},"end":{"line":59,"column":8}},{"start":{"line":59,"column":8},"end":{"line":59,"column":8}}]},"2":{"line":73,"type":"if","locations":[{"start":{"line":73,"column":8},"end":{"line":73,"column":8}},{"start":{"line":73,"column":8},"end":{"line":73,"column":8}}]},"3":{"line":85,"type":"if","locations":[{"start":{"line":85,"column":8},"end":{"line":85,"column":8}},{"start":{"line":85,"column":8},"end":{"line":85,"column":8}}]},"4":{"line":103,"type":"if","locations":[{"start":{"line":103,"column":8},"end":{"line":103,"column":8}},{"start":{"line":103,"column":8},"end":{"line":103,"column":8}}]},"5":{"line":110,"type":"if","locations":[{"start":{"line":110,"column":8},"end":{"line":110,"column":8}},{"start":{"line":110,"column":8},"end":{"line":110,"column":8}}]},"6":{"line":129,"type":"if","locations":[{"start":{"line":129,"column":8},"end":{"line":129,"column":8}},{"start":{"line":129,"column":8},"end":{"line":129,"column":8}}]},"7":{"line":167,"type":"if","locations":[{"start":{"line":167,"column":8},"end":{"line":167,"column":8}},{"start":{"line":167,"column":8},"end":{"line":167,"column":8}}]},"8":{"line":173,"type":"if","locations":[{"start":{"line":173,"column":8},"end":{"line":173,"column":8}},{"start":{"line":173,"column":8},"end":{"line":173,"column":8}}]}}},"contracts/test/basicNft.sol":{"l":{"12":3,"16":2,"17":2,"18":2,"23":0,"27":0},"path":"/Users/dr.shrutijain/Documents/blockchain_dev_eth/PAlpha_C_Blockchain/hardhat-nft-fcc-marketplace-1/contracts/test/basicNft.sol","s":{"1":3,"2":2,"3":2,"4":2,"5":0,"6":0},"b":{},"f":{"1":3,"2":2,"3":0,"4":0},"fnMap":{"1":{"name":"constructor","line":11,"loc":{"start":{"line":11,"column":4},"end":{"line":13,"column":4}}},"2":{"name":"mintNft","line":15,"loc":{"start":{"line":15,"column":4},"end":{"line":19,"column":4}}},"3":{"name":"tokenURI","line":21,"loc":{"start":{"line":21,"column":4},"end":{"line":24,"column":4}}},"4":{"name":"getTokenCounter","line":26,"loc":{"start":{"line":26,"column":4},"end":{"line":28,"column":4}}}},"statementMap":{"1":{"start":{"line":12,"column":8},"end":{"line":12,"column":25}},"2":{"start":{"line":16,"column":8},"end":{"line":16,"column":44}},"3":{"start":{"line":17,"column":8},"end":{"line":17,"column":42}},"4":{"start":{"line":18,"column":8},"end":{"line":18,"column":29}},"5":{"start":{"line":23,"column":8},"end":{"line":23,"column":24}},"6":{"start":{"line":27,"column":8},"end":{"line":27,"column":29}}},"branchMap":{}}}